1941
984
998
997
1003
3347
1768
2053
4947
27569
1513
1695
29315
2408
1664
994
2589
1418
1237
1603
999
1518
3508
993
2191
1424
1465
12446
1626
1583
3275
1520
1586
1417
3457
45095
1427
2163
998
2512
997
1571
3137
1639
6408
2297
2933
1249
996
4579
1760
1443
976
997
2801
1112
1556
9257
1178
1157
4199
1816
13769
1908
2117
999
2734
976
997
3153
999
2979
1289
2232
992
2440
2248
2005
4254
1254
4336
919
7959
1779
997
1525
1344
2494
982
1363
7874
1040
2971
998
2368
3381
2007
2855
1827
1499
992
989
999
1561
2517
999
1891
1430
1348
994
2327
1583
1191
2829
998
6963
942
1645
999
1305
6522
6077
1439
1672
5084
13947
1196
9363
1440
1461
5695
1184
5963
3243
994
1715
1158
1074
15358
1557
4765
3911
1259
994
2704
2311
1879
3778
20915
2902
994
2612
1261
996
146047
2097
997
994
14919
996
996
1564
1444
988
999
1810
1381
999
1169
1417
3076
2724
987
994
2440
1979
3530
999
1644
1926
1514
2846
1508
992
2425
973
1000
1826
2914
1950
994
999
2175
993
2210
2784
997
42743
2169
2073
2437
976
8373
995
1000
2587
1249
1144
917
1209
2233
2775
2855
5277
6533
2280
1934
1708
998
8871
4495
12564
1390
1123
2468
985
1374
1738
1191
1183
983
998
1408
1088
1198
82550
1100
993
999
993
1392
9051
4183
3496
3823
2780
1015
989
3894
1178
999
2863
1376
1896
28034
943
1192
1508
1362
1980
998
6605
985
1064
994
986
1167
997
982
2431
1425
2175
998
1770
2704
998
997
997
1615
4251
1013
2472
1832
1645
2459
998
1098
2791
1338
999
1400
3687
997
998
3198
1662
1851
3151
1257
4294
